<?xml version="1.0" encoding="UTF-8"?>
<!-- Generated by org.testng.reporters.JUnitReportReporter -->
<testsuite skipped="0" hostname="DESKTOP-E7C44F9" name="com.APITesting.APITestSuit" tests="1" failures="0" timestamp="14 Oct 2019 03:27:40 GMT" time="3.778" errors="0">
  <testcase name="test" time="3.778" classname="com.APITesting.APITestSuit"/>
</testsuite> <!-- com.APITesting.APITestSuit -->
