<?xml version="1.0" encoding="UTF-8"?>
<!-- Generated by org.testng.reporters.JUnitReportReporter -->
<testsuite skipped="1" hostname="DESKTOP-E7C44F9" name="com.APITesting.NewTest" tests="15" failures="0" timestamp="04 Nov 2019 12:11:55 GMT" time="23.491" errors="0">
  <testcase name="users" time="1.450" classname="com.APITesting.NewTest"/>
  <testcase name="users" time="1.550" classname="com.APITesting.NewTest"/>
  <testcase name="users" time="1.541" classname="com.APITesting.NewTest"/>
  <testcase name="users" time="1.532" classname="com.APITesting.NewTest"/>
  <testcase name="users" time="1.431" classname="com.APITesting.NewTest"/>
  <testcase name="users" time="1.467" classname="com.APITesting.NewTest"/>
  <testcase name="users" time="4.196" classname="com.APITesting.NewTest"/>
  <testcase name="users" time="1.511" classname="com.APITesting.NewTest"/>
  <testcase name="users" time="1.462" classname="com.APITesting.NewTest"/>
  <testcase name="users" time="1.437" classname="com.APITesting.NewTest"/>
  <testcase name="users" time="1.432" classname="com.APITesting.NewTest"/>
  <testcase name="users" time="1.503" classname="com.APITesting.NewTest"/>
  <testcase name="users" time="1.459" classname="com.APITesting.NewTest"/>
  <testcase name="users" time="1.520" classname="com.APITesting.NewTest"/>
  <testcase name="pokemonAPITests" classname="com.APITesting.NewTest">
    <skipped/>
  </testcase> <!-- pokemonAPITests -->
</testsuite> <!-- com.APITesting.NewTest -->
